110001020222222222222222222222222222 -> 3593351200022736020960
010001020222222222222222222222222222 -> 359717980001936013984
000001020222222222222222222222222222 -> 3601554800003636021344
111220222022202220222022202220222022 -> 3601538600036008960036009904
012121000102022221020222222222222222 -> 3601543400036011808036008064
111210122012201220122012201220122012 -> 3601453800036008320036007744
200121122022202220222022202220222022 -> 879400035993888035996544
012220212102002220222222222222222222 -> -14590371203260036022000026636024240
201101121012201220122012201220122012 -> 36023544000101336020704
200220012112202220222022202220222022 -> 3602426400012136014576
012220212101010200222220210202222222 -> 3602405600013136007968
012220212100010200222220210202222222 -> 36025800000142736024576
201200110112101220122012201220122012 -> 3601328900016936018912
200220022021211220222022202220222022 -> 3601340200022936017200
012220212102002121020222222222222222 -> 879400023936024800
012220212102002021020222222222222222 -> -14590371203260036013536091836021648
201200120011211210122012201220122012 -> 3601529100035930096035929872
200220022022202121122022202220222022 -> 3602218600035991200035998496
012220222022202220212102002220222022 -> 87920005136009472
012220222022202220202102002220222022 -> -1459037104326003592064001033
201200120012201121121012201220122012 -> -1459037104326003592089601033
200220022022202220212112202220222022 -> -1459037104326003592115201033
012220212102002220222021210202222222 -> -1459037104326003592140801033
201200120012201220112112101220122012 -> -1459037104326003592166401033
200220022022202220222021211220222022 -> -1459037104326003592192001033
012220222022202220222022202121020022 -> -1459037104326003592214401033
012220222022202220222022202021020022 -> -1459037104326003592246401033
201200120012201220122011211210122012 -> -1459037104326003592272001033
200220022022202220222022202121122022 -> -1459037104326003592297601033
011220222022202220222022202220212100 -> -1459037104326003592323201033
011220222022202220222022202220202100 -> -1459037104326003592348801033
201200120012201220122012201121121012 -> -1459037104326003592374401033
200220022022202220222022202220212112 -> -1459037104326003592400001033
201200120012201220122012201220112111 -> -1459037104326003592422401033
202220202122202220222022202220222022 -> -1459037104326003592454401033
202220222020212220222022202220222022 -> -1459037104326003592480001033
202220222022202021222022202220222022 -> -1459037104326003592505601033
202220222022202220202122202220222022 -> -1459037104326003592531201033
202220222022202220222020212220222022 -> -1459037104326003592556801033
202220222022202220222022202021222022 -> -1459037104326003592582401033
202220222022202220222022202220202122 -> -1459037104326003592604801033
111001121022202220222022202220222022 -> -1459037104326003592636801033
011111120022202220222022202220222022 -> -1459037104326003592662401033
011210212112002220222022202220222022 -> -1459037104326003592688001033
011210222021211200222022202220222022 -> -1459037104326003592713601033
011210222022202121120022202220222022 -> -1459037104326003592739201033
011210222022202220212112002220222022 -> -1459037104326003592764801033
011210222022202220222021211200222022 -> -1459037104326003592787201033
011210222022202220222022202121120022 -> -1459037104326003592819201033
110021122212221222122212221222122212 -> -1459037104326003592844801033
011121022212221222122212221222122212 -> -1459037104326003592870401033
011222112102221222122212221222122212 -> -1459037104326003592896001033
011222122211210222122212221222122212 -> -1459037104326003592921601033
011222122212221121022212221222122212 -> -1459037104326003592944001033
011222122212221222112102221222122212 -> -1459037104326003592969601033
011222122212221222122211210222122212 -> -1459037104326003592995200033
011222122212221222122212221121022212 -> -1459037104326003593017600033
111101021012101210121012101210121011 -> -1459037104326003598371200033
110111120012101210121012101210121011 -> -1459037104326003593040001033
110210111112001210121012101210121011 -> -1459037104326003593059200033
110210121011111200121012101210121011 -> -1459037104326003593088000033
110210121012101111120012101210121011 -> -1459037104326003593107200033
110210121012101210111112001210121011 -> -1459037104326003593142400033
110210121012101210121011111200121011 -> -1459037104326003593180801033
110210121012101210121012101111120011 -> -1459037104326003593206401033
110210121012101210121012101210111110 -> -1459037104326003593244801033
011212121212121212121212121212111120 -> -1459037104326003593270401033
201101111112001220121012201220122012 -> -1459037104326003593308801033
110101020022202220222022202220222022 -> -1459037104326003593344001033
011001120212221222122212221222122212 -> -1459037104326003593379201033
010011021222122212221222122212221221 -> -1459037104326003593404801033
202220222022202220222022202220222000 -> -1459037104326003593443201033
222220202100010202222222222222222222 -> -1459037104326003593468801033
222220222022202021000102022222222222 -> -1459037104326003593507201033
222220222020210200202102022222222222 -> -1459037104326003593542401033
222220202102002220202102022222222222 -> -1459037104326003593577601033
222220222022202021020220210202222222 -> -1459037104326003593603201033
222220222022202021020220210001020222 -> -1459037104326003593641601033
222220202102002222222222202021020222 -> -1459037104326003593667201033
201200112112101121120012201220122012 -> -1459037104326003593705601033
201200122011211210122011211200122012 -> -1459037104326003593740801033
201200122012201121121012201121120012 -> -1459037104326003593766401033
201200122012201220112111111200122012 -> -1459037104326003593804801033
201200122012201121120012201121121012 -> -1459037104326003593830401033
111111120012201220122012201220122012 -> -1459037104326003593868801033

List of Undetected Faults:
(Empty)

Total Number of Faults = 998
Number of Undetected Faults = 0
Fault Coverage = 100.0%

